#
# A fatal error has been detected by the Java Runtime Environment:
#
#  EXCEPTION_ACCESS_VIOLATION (0xc0000005) at pc=0x00007ffcc10ab94f, pid=33800, tid=15076
#
# JRE version: Java(TM) SE Runtime Environment (17.0.9+11) (build 17.0.9+11-LTS-201)
# Java VM: Java HotSpot(TM) 64-Bit Server VM (17.0.9+11-LTS-201, mixed mode, sharing, tiered, compressed oops, compressed class ptrs, g1 gc, windows-amd64)
# Problematic frame:
# V  [jvm.dll+0x21b94f]
#
# No core dump will be written. Minidumps are not enabled by default on client versions of Windows
#
# If you would like to submit a bug report, please visit:
#   https://bugreport.java.com/bugreport/crash.jsp
#

---------------  S U M M A R Y ------------

Command Line: -Dmaven.multiModuleProjectDirectory=D:\Work\Lightwell\code\lightwell-automation\crucible-web -Djansi.passthrough=true -Dmaven.home=C:\Program Files\JetBrains\IntelliJ IDEA Community Edition 2023.3.5\plugins\maven\lib\maven3 -Dclassworlds.conf=C:\Program Files\JetBrains\IntelliJ IDEA Community Edition 2023.3.5\plugins\maven\lib\maven3\bin\m2.conf -Dmaven.ext.class.path=C:\Program Files\JetBrains\IntelliJ IDEA Community Edition 2023.3.5\plugins\maven\lib\maven-event-listener.jar -javaagent:C:\Program Files\JetBrains\IntelliJ IDEA Community Edition 2023.3.5\lib\idea_rt.jar=60160:C:\Program Files\JetBrains\IntelliJ IDEA Community Edition 2023.3.5\bin -Dfile.encoding=UTF-8 org.codehaus.classworlds.Launcher -Didea.version=2023.3.5 install -DskipTests

Host: AMD Ryzen 7 5700G with Radeon Graphics         , 16 cores, 127G,  Windows 10 , 64 bit Build 19041 (10.0.19041.3636)
Time: Fri Apr  5 16:01:22 2024 Eastern Daylight Time elapsed time: 3.207763 seconds (0d 0h 0m 3s)

---------------  T H R E A D  ---------------

Current thread (0x00000250459ef050):  JavaThread "C2 CompilerThread4" daemon [_thread_in_native, id=15076, stack(0x000000ce02e00000,0x000000ce02f00000)]


Current CompileTask:
C2:   3207 6931       4       com.sun.tools.javac.jvm.PoolReader::resolve (344 bytes)

Stack: [0x000000ce02e00000,0x000000ce02f00000],  sp=0x000000ce02efd450,  free space=1013k
Native frames: (J=compiled Java code, j=interpreted, Vv=VM code, C=native code)
V  [jvm.dll+0x21b94f]
V  [jvm.dll+0x69bf56]
V  [jvm.dll+0x217289]
V  [jvm.dll+0x1a3bc0]
V  [jvm.dll+0x2272de]
V  [jvm.dll+0x22548b]
V  [jvm.dll+0x78f58c]
V  [jvm.dll+0x78998a]
V  [jvm.dll+0x677875]
C  [ucrtbase.dll+0x21bb2]
C  [KERNEL32.DLL+0x17344]
C  [ntdll.dll+0x526b1]


siginfo: EXCEPTION_ACCESS_VIOLATION (0xc0000005), reading address 0x00000a50497f06d8


Register to memory mapping:

RIP=0x00007ffcc10ab94f jvm.dll
RAX=0x00000a50497f06b0 is an unknown value
RBX=0x000000ce02efe580 is pointing into the stack for thread: 0x00000250459ef050
RCX=0x000000000000001f is an unknown value
RDX=0x000000000000023b is an unknown value
RSP=0x000000ce02efd450 is pointing into the stack for thread: 0x00000250459ef050
RBP=0x0 is NULL
RSI=0x00000250486271b8 points into unknown readable memory: 0x00007ffcc1775600 | 00 56 77 c1 fc 7f 00 00
RDI=0x000000ce02efd6e0 is pointing into the stack for thread: 0x00000250459ef050
R8 =0x0000000000000017 is an unknown value
R9 =0x000000000000001d is an unknown value
R10=0x00000250483f7fa0 points into unknown readable memory: 0x0000025048627200 | 00 72 62 48 50 02 00 00
R11=0x00000250483f8058 points into unknown readable memory: 0x00000a50497f06b0 | b0 06 7f 49 50 0a 00 00
R12=0x0000000000002a25 is an unknown value
R13=0x000000ce02efd5a0 is pointing into the stack for thread: 0x00000250459ef050
R14=0x000000ce02efd6d0 is pointing into the stack for thread: 0x00000250459ef050
R15=0x0000000000000003 is an unknown value


Registers:
RAX=0x00000a50497f06b0, RBX=0x000000ce02efe580, RCX=0x000000000000001f, RDX=0x000000000000023b
RSP=0x000000ce02efd450, RBP=0x0000000000000000, RSI=0x00000250486271b8, RDI=0x000000ce02efd6e0
R8 =0x0000000000000017, R9 =0x000000000000001d, R10=0x00000250483f7fa0, R11=0x00000250483f8058
R12=0x0000000000002a25, R13=0x000000ce02efd5a0, R14=0x000000ce02efd6d0, R15=0x0000000000000003
RIP=0x00007ffcc10ab94f, EFLAGS=0x0000000000010297

Top of Stack: (sp=0x000000ce02efd450)
0x000000ce02efd450:   000000ce02efe580 0000025045c075f0
0x000000ce02efd460:   000000ce02efe580 0000000000004cd4
0x000000ce02efd470:   0000000000000003 000000ce02efd6d0
0x000000ce02efd480:   0000024fc0432400 000000ce02efdb30
0x000000ce02efd490:   0000000000000002 00007ffcc152bf56
0x000000ce02efd4a0:   0000025045bacbb8 0000024fc0625880
0x000000ce02efd4b0:   000000ce02efd5a0 000000ce02efd5a0
0x000000ce02efd4c0:   000000ce02efe580 00007ffcc10a7289
0x000000ce02efd4d0:   0000024fc0625880 000000ce02efd5d0
0x000000ce02efd4e0:   0000000000000002 0000000000000001
0x000000ce02efd4f0:   0000000000000000 0000000000000000
0x000000ce02efd500:   0000000000000000 0000000000000000
0x000000ce02efd510:   0000000000000000 0000000000000000
0x000000ce02efd520:   0000000000000000 00007ffcc17579bc
0x000000ce02efd530:   0000000000000000 0000000000000000
0x000000ce02efd540:   0000000000000000 00007ffcc17579bc 

Instructions: (pc=0x00007ffcc10ab94f)
0x00007ffcc10ab84f:   75 7b 48 83 b9 00 03 00 00 00 74 71 41 8b 50 28
0x00007ffcc10ab85f:   e8 0c ca f8 ff 48 8b f0 48 85 c0 74 60 48 83 38
0x00007ffcc10ab86f:   00 74 5a 8b 53 28 48 8b cf e8 f3 c9 f8 ff 48 85
0x00007ffcc10ab87f:   c0 74 2d 48 8b 00 48 85 c0 74 25 8b 53 28 4c 8d
0x00007ffcc10ab88f:   44 24 40 48 8b cf 48 89 44 24 40 e8 b1 73 00 00
0x00007ffcc10ab89f:   48 8b 5c 24 30 48 8b 74 24 38 48 83 c4 20 5f c3
0x00007ffcc10ab8af:   8b 53 28 4c 8b c6 48 8b cf 48 8b 5c 24 30 48 8b
0x00007ffcc10ab8bf:   74 24 38 48 83 c4 20 5f e9 84 73 00 00 48 8b 5c
0x00007ffcc10ab8cf:   24 30 32 c0 48 8b 74 24 38 48 83 c4 20 5f c3 cc
0x00007ffcc10ab8df:   cc 48 89 5c 24 10 48 89 6c 24 18 56 57 41 55 41
0x00007ffcc10ab8ef:   56 41 57 48 83 ec 20 33 ed 4c 89 64 24 50 4d 8b
0x00007ffcc10ab8ff:   e8 48 8b fa 48 8b d9 44 8b e5 39 6a 18 0f 86 00
0x00007ffcc10ab90f:   01 00 00 48 8b 47 10 41 8b cc 41 ff c4 48 8b 34
0x00007ffcc10ab91f:   c8 8b 46 2c 83 e0 03 3c 03 75 09 48 8d 4e 48 e8
0x00007ffcc10ab92f:   7d 11 4b 00 44 8b 4e 20 44 8b c5 45 85 c9 7e 49
0x00007ffcc10ab93f:   90 4c 8b 56 10 41 8b c0 4d 8d 1c c2 49 8b 04 c2
0x00007ffcc10ab94f:   8b 48 28 8b c1 c1 e8 05 3b 47 20 73 11 8b d0 83
0x00007ffcc10ab95f:   e1 1f 48 8b 47 28 8b 04 90 0f a3 c8 72 13 ff 4e
0x00007ffcc10ab96f:   20 41 ff c8 8b 46 20 41 ff c9 49 8b 04 c2 49 89
0x00007ffcc10ab97f:   03 41 ff c0 45 3b c1 7c b8 83 7e 20 01 75 7a 48
0x00007ffcc10ab98f:   8b ce e8 4a bc 43 00 84 c0 74 6e 48 8b 46 10 4c
0x00007ffcc10ab99f:   8b 38 45 8b 77 28 41 8b f6 c1 ee 05 41 3b 75 20
0x00007ffcc10ab9af:   72 0b 8b d6 49 8d 4d 20 e8 b4 79 5a 00 49 8b 45
0x00007ffcc10ab9bf:   28 41 83 e6 1f 48 8d 14 b0 41 0f b6 ce 41 b8 01
0x00007ffcc10ab9cf:   00 00 00 41 d3 e0 8b 0a 8b c1 41 0b c0 89 02 41
0x00007ffcc10ab9df:   85 c8 75 23 41 8b 75 18 8d 46 01 41 89 45 18 41
0x00007ffcc10ab9ef:   3b 75 08 72 0a 8b d6 49 8b cd e8 f2 b9 43 00 49
0x00007ffcc10ab9ff:   8b 45 10 4c 89 3c f0 33 ed 44 3b 67 18 0f 82 00
0x00007ffcc10aba0f:   ff ff ff 44 8b 83 a8 01 00 00 41 83 e8 01 4d 63
0x00007ffcc10aba1f:   c8 78 5e 0f 1f 40 00 66 66 0f 1f 84 00 00 00 00
0x00007ffcc10aba2f:   00 4c 8b 93 b0 01 00 00 4b 8b 04 ca 8b 48 28 8b
0x00007ffcc10aba3f:   c1 c1 e8 05 3b 47 20 73 11 8b d0 83 e1 1f 48 8b 


Stack slot to memory mapping:
stack at sp + 0 slots: 0x000000ce02efe580 is pointing into the stack for thread: 0x00000250459ef050
stack at sp + 1 slots: 0x0000025045c075f0 points into unknown readable memory: 0x00007ffcc17cfb98 | 98 fb 7c c1 fc 7f 00 00
stack at sp + 2 slots: 0x000000ce02efe580 is pointing into the stack for thread: 0x00000250459ef050
stack at sp + 3 slots: 0x0000000000004cd4 is an unknown value
stack at sp + 4 slots: 0x0000000000000003 is an unknown value
stack at sp + 5 slots: 0x000000ce02efd6d0 is pointing into the stack for thread: 0x00000250459ef050
stack at sp + 6 slots: 0x0000024fc0432400 points into unknown readable memory: 0x0000000000000000 | 00 00 00 00 00 00 00 00
stack at sp + 7 slots: 0x000000ce02efdb30 is pointing into the stack for thread: 0x00000250459ef050


---------------  P R O C E S S  ---------------

Threads class SMR info:
_java_thread_list=0x0000025045a1aa50, length=21, elements={
0x0000024fdeda4880, 0x0000024fc0442660, 0x0000024fc04432e0, 0x0000024fc0452d10,
0x0000024fc04536d0, 0x0000024fc0454090, 0x0000024fc0454a50, 0x0000024fc04557f0,
0x0000024fc0463bc0, 0x0000024fc0494d90, 0x0000024fc0544f90, 0x0000024fc0425100,
0x0000024fc04256d0, 0x0000024fc058f850, 0x0000024fc05d4cb0, 0x0000024fc063eec0,
0x0000024fc0640c40, 0x00000250458dda10, 0x00000250459eeb30, 0x00000250459ef050,
0x00000250458f4cd0
}

Java Threads: ( => current thread )
  0x0000024fdeda4880 JavaThread "main" [_thread_blocked, id=35520, stack(0x000000ce01400000,0x000000ce01500000)]
  0x0000024fc0442660 JavaThread "Reference Handler" daemon [_thread_blocked, id=5864, stack(0x000000ce01b00000,0x000000ce01c00000)]
  0x0000024fc04432e0 JavaThread "Finalizer" daemon [_thread_blocked, id=19896, stack(0x000000ce01c00000,0x000000ce01d00000)]
  0x0000024fc0452d10 JavaThread "Signal Dispatcher" daemon [_thread_blocked, id=34656, stack(0x000000ce01d00000,0x000000ce01e00000)]
  0x0000024fc04536d0 JavaThread "Attach Listener" daemon [_thread_blocked, id=21584, stack(0x000000ce01e00000,0x000000ce01f00000)]
  0x0000024fc0454090 JavaThread "Service Thread" daemon [_thread_blocked, id=21964, stack(0x000000ce01f00000,0x000000ce02000000)]
  0x0000024fc0454a50 JavaThread "Monitor Deflation Thread" daemon [_thread_blocked, id=13696, stack(0x000000ce02000000,0x000000ce02100000)]
  0x0000024fc04557f0 JavaThread "C2 CompilerThread0" daemon [_thread_blocked, id=3892, stack(0x000000ce02100000,0x000000ce02200000)]
  0x0000024fc0463bc0 JavaThread "C1 CompilerThread0" daemon [_thread_blocked, id=6364, stack(0x000000ce02200000,0x000000ce02300000)]
  0x0000024fc0494d90 JavaThread "Sweeper thread" daemon [_thread_blocked, id=24224, stack(0x000000ce02300000,0x000000ce02400000)]
  0x0000024fc0544f90 JavaThread "Common-Cleaner" daemon [_thread_blocked, id=27856, stack(0x000000ce02400000,0x000000ce02500000)]
  0x0000024fc0425100 JavaThread "C1 CompilerThread1" daemon [_thread_blocked, id=36500, stack(0x000000ce02500000,0x000000ce02600000)]
  0x0000024fc04256d0 JavaThread "C1 CompilerThread2" daemon [_thread_blocked, id=2948, stack(0x000000ce02600000,0x000000ce02700000)]
  0x0000024fc058f850 JavaThread "C1 CompilerThread3" daemon [_thread_blocked, id=33940, stack(0x000000ce02700000,0x000000ce02800000)]
  0x0000024fc05d4cb0 JavaThread "C2 CompilerThread1" daemon [_thread_blocked, id=25240, stack(0x000000ce02800000,0x000000ce02900000)]
  0x0000024fc063eec0 JavaThread "Monitor Ctrl-Break" daemon [_thread_in_native, id=21232, stack(0x000000ce02900000,0x000000ce02a00000)]
  0x0000024fc0640c40 JavaThread "Notification Thread" daemon [_thread_blocked, id=11696, stack(0x000000ce02a00000,0x000000ce02b00000)]
  0x00000250458dda10 JavaThread "C2 CompilerThread2" daemon [_thread_blocked, id=30564, stack(0x000000ce02c00000,0x000000ce02d00000)]
  0x00000250459eeb30 JavaThread "C2 CompilerThread3" daemon [_thread_blocked, id=33572, stack(0x000000ce02d00000,0x000000ce02e00000)]
=>0x00000250459ef050 JavaThread "C2 CompilerThread4" daemon [_thread_in_native, id=15076, stack(0x000000ce02e00000,0x000000ce02f00000)]
  0x00000250458f4cd0 JavaThread "C2 CompilerThread5" daemon [_thread_in_native, id=29360, stack(0x000000ce02f00000,0x000000ce03000000)]

Other Threads:
  0x0000024fc043b280 VMThread "VM Thread" [stack: 0x000000ce01a00000,0x000000ce01b00000] [id=30088]
  0x000002504512faf0 WatcherThread [stack: 0x000000ce02b00000,0x000000ce02c00000] [id=29984]
  0x0000024fdee4f9f0 GCTaskThread "GC Thread#0" [stack: 0x000000ce01500000,0x000000ce01600000] [id=8884]
  0x00000250469f7510 GCTaskThread "GC Thread#1" [stack: 0x000000ce03100000,0x000000ce03200000] [id=36100]
  0x0000025046acf710 GCTaskThread "GC Thread#2" [stack: 0x000000ce03200000,0x000000ce03300000] [id=14292]
  0x0000025046acff50 GCTaskThread "GC Thread#3" [stack: 0x000000ce03300000,0x000000ce03400000] [id=36628]
  0x0000025046ad0210 GCTaskThread "GC Thread#4" [stack: 0x000000ce03400000,0x000000ce03500000] [id=19368]
  0x0000025046acf9d0 GCTaskThread "GC Thread#5" [stack: 0x000000ce03500000,0x000000ce03600000] [id=13352]
  0x0000025046acfc90 GCTaskThread "GC Thread#6" [stack: 0x000000ce03600000,0x000000ce03700000] [id=28404]
  0x0000025046ad04d0 GCTaskThread "GC Thread#7" [stack: 0x000000ce03700000,0x000000ce03800000] [id=16324]
  0x0000025046ad0790 GCTaskThread "GC Thread#8" [stack: 0x000000ce03800000,0x000000ce03900000] [id=30840]
  0x0000025046acec10 GCTaskThread "GC Thread#9" [stack: 0x000000ce03900000,0x000000ce03a00000] [id=28296]
  0x0000025046aceed0 GCTaskThread "GC Thread#10" [stack: 0x000000ce03a00000,0x000000ce03b00000] [id=23868]
  0x0000025046acf190 GCTaskThread "GC Thread#11" [stack: 0x000000ce03b00000,0x000000ce03c00000] [id=4444]
  0x0000025046acf450 GCTaskThread "GC Thread#12" [stack: 0x000000ce03c00000,0x000000ce03d00000] [id=23216]
  0x0000024fdee62920 ConcurrentGCThread "G1 Main Marker" [stack: 0x000000ce01600000,0x000000ce01700000] [id=13528]
  0x0000024fdee63ad0 ConcurrentGCThread "G1 Conc#0" [stack: 0x000000ce01700000,0x000000ce01800000] [id=28804]
  0x0000025046dc1b90 ConcurrentGCThread "G1 Conc#1" [stack: 0x000000ce03d00000,0x000000ce03e00000] [id=33296]
  0x0000025046dc0010 ConcurrentGCThread "G1 Conc#2" [stack: 0x000000ce03e00000,0x000000ce03f00000] [id=24800]
  0x0000024fdee7e8d0 ConcurrentGCThread "G1 Refine#0" [stack: 0x000000ce01800000,0x000000ce01900000] [id=6648]
  0x0000025049781610 ConcurrentGCThread "G1 Refine#1" [stack: 0x000000ce03000000,0x000000ce03100000] [id=8288]
  0x00000250452667a0 ConcurrentGCThread "G1 Refine#2" [stack: 0x000000ce03f00000,0x000000ce04000000] [id=27012]
  0x0000024ff60ce3c0 ConcurrentGCThread "G1 Service" [stack: 0x000000ce01900000,0x000000ce01a00000] [id=29244]

Threads with active compile tasks:
C2 CompilerThread0     3233 6974       4       com.sun.tools.javac.code.Symtab::enterClass (71 bytes)
C1 CompilerThread0     3233 7068       3       jdk.internal.misc.InnocuousThread::eraseThreadLocals (23 bytes)
C1 CompilerThread1     3233 7069       3       java.lang.invoke.MethodHandleNatives$CallSiteContext::run (5 bytes)
C1 CompilerThread2     3233 7067   !   3       jdk.internal.ref.PhantomCleanable::isListEmpty (34 bytes)
C1 CompilerThread3     3233 7066   !   3       java.lang.ref.ReferenceQueue::remove (125 bytes)
C2 CompilerThread1     3234 7043       4       com.sun.tools.javac.code.Scope$ScopeImpl::lookup (71 bytes)
C2 CompilerThread2     3234 6872       4       com.sun.tools.javac.jvm.ClassReader::sigToType (893 bytes)
C2 CompilerThread3     3234 6921       4       com.sun.tools.javac.code.Symtab::lookupPackage (259 bytes)
C2 CompilerThread4     3234 6931       4       com.sun.tools.javac.jvm.PoolReader::resolve (344 bytes)
C2 CompilerThread5     3234 6901 %     4       java.util.regex.Pattern::compile @ 73 (500 bytes)

VM state: not at safepoint (normal execution)

VM Mutex/Monitor currently owned by a thread:  ([mutex/lock_event])
[0x0000024fded92970] CodeCache_lock - owner thread: 0x0000024fc058f850

Heap address: 0x0000000082000000, size: 30688 MB, Compressed Oops mode: Zero based, Oop shift amount: 3

CDS archive(s) mapped at: [0x0000025000000000-0x0000025000bd0000-0x0000025000bd0000), size 12386304, SharedBaseAddress: 0x0000025000000000, ArchiveRelocationMode: 1.
Compressed class space mapped at: 0x0000025001000000-0x0000025041000000, reserved size: 1073741824
Narrow klass base: 0x0000025000000000, Narrow klass shift: 0, Narrow klass range: 0x100000000

GC Precious Log:
 CPUs: 16 total, 16 available
 Memory: 127G
 Large Page Support: Disabled
 NUMA Support: Disabled
 Compressed Oops: Enabled (Zero based)
 Heap Region Size: 16M
 Heap Min Capacity: 16M
 Heap Initial Capacity: 2G
 Heap Max Capacity: 30688M
 Pre-touch: Disabled
 Parallel Workers: 13
 Concurrent Workers: 3
 Concurrent Refinement Workers: 13
 Periodic GC: Disabled

Heap:
 garbage-first heap   total 163840K, used 38174K [0x0000000082000000, 0x0000000800000000)
  region size 16384K, 2 young (32768K), 1 survivors (16384K)
 Metaspace       used 27235K, committed 27584K, reserved 1114112K
  class space    used 3033K, committed 3200K, reserved 1048576K

Heap Regions: E=young(eden), S=young(survivor), O=old, HS=humongous(starts), HC=humongous(continues), CS=collection set, F=free, OA=open archive, CA=closed archive, TAMS=top-at-mark-start (previous, next)
|   0|0x0000000082000000, 0x0000000082800a00, 0x0000000083000000| 50%| O|  |TAMS 0x0000000082800808, 0x0000000082000000| Complete 
|   1|0x0000000083000000, 0x0000000083d46e00, 0x0000000084000000| 82%| O|  |TAMS 0x0000000083000000, 0x0000000083000000| Untracked 
|   2|0x0000000084000000, 0x0000000084000000, 0x0000000085000000|  0%| F|  |TAMS 0x0000000084000000, 0x0000000084000000| Untracked 
|   3|0x0000000085000000, 0x0000000086000000, 0x0000000086000000|100%| S|CS|TAMS 0x0000000085000000, 0x0000000085000000| Complete 
|   4|0x0000000086000000, 0x0000000086000000, 0x0000000087000000|  0%| F|  |TAMS 0x0000000086000000, 0x0000000086000000| Untracked 
|   5|0x0000000087000000, 0x0000000087000000, 0x0000000088000000|  0%| F|  |TAMS 0x0000000087000000, 0x0000000087000000| Untracked 
|   6|0x0000000088000000, 0x0000000088000000, 0x0000000089000000|  0%| F|  |TAMS 0x0000000088000000, 0x0000000088000000| Untracked 
|   7|0x0000000089000000, 0x0000000089000000, 0x000000008a000000|  0%| F|  |TAMS 0x0000000089000000, 0x0000000089000000| Untracked 
| 121|0x00000000fb000000, 0x00000000fb000000, 0x00000000fc000000|  0%| F|  |TAMS 0x00000000fb000000, 0x00000000fb000000| Untracked 
| 127|0x0000000101000000, 0x000000010104a860, 0x0000000102000000|  1%| E|  |TAMS 0x0000000101000000, 0x0000000101000000| Complete 

Card table byte_map: [0x0000024ff9cc0000,0x0000024ffd8b0000] _byte_map_base: 0x0000024ff98b0000

Marking Bits (Prev, Next): (CMBitMap*) 0x0000024fdee51060, (CMBitMap*) 0x0000024fdee51020
 Prev Bits: [0x0000024fa1b70000, 0x0000024fbfaf0000)
 Next Bits: [0x0000024f83bf0000, 0x0000024fa1b70000)

Polling page: 0x0000024fdcc40000

Metaspace:

Usage:
  Non-class:     23.63 MB used.
      Class:      2.96 MB used.
       Both:     26.60 MB used.

Virtual space:
  Non-class space:       64.00 MB reserved,      23.81 MB ( 37%) committed,  1 nodes.
      Class space:        1.00 GB reserved,       3.12 MB ( <1%) committed,  1 nodes.
             Both:        1.06 GB reserved,      26.94 MB (  2%) committed. 

Chunk freelists:
   Non-Class:  7.47 MB
       Class:  12.92 MB
        Both:  20.39 MB

MaxMetaspaceSize: unlimited
CompressedClassSpaceSize: 1.00 GB
Initial GC threshold: 21.00 MB
Current GC threshold: 35.88 MB
CDS: on
MetaspaceReclaimPolicy: balanced
 - commit_granule_bytes: 65536.
 - commit_granule_words: 8192.
 - virtual_space_node_default_size: 8388608.
 - enlarge_chunks_in_place: 1.
 - new_chunks_are_fully_committed: 0.
 - uncommit_free_chunks: 1.
 - use_allocation_guard: 0.
 - handle_deallocations: 1.


Internal statistics:

num_allocs_failed_limit: 6.
num_arena_births: 168.
num_arena_deaths: 0.
num_vsnodes_births: 2.
num_vsnodes_deaths: 0.
num_space_committed: 431.
num_space_uncommitted: 0.
num_chunks_returned_to_freelist: 6.
num_chunks_taken_from_freelist: 1116.
num_chunk_merges: 6.
num_chunk_splits: 787.
num_chunks_enlarged: 619.
num_inconsistent_stats: 0.

CodeHeap 'non-profiled nmethods': size=119168Kb used=3657Kb max_used=3657Kb free=115510Kb
 bounds [0x0000024fee1f0000, 0x0000024fee590000, 0x0000024ff5650000]
CodeHeap 'profiled nmethods': size=119104Kb used=13725Kb max_used=13725Kb free=105378Kb
 bounds [0x0000024fe6650000, 0x0000024fe73c0000, 0x0000024fedaa0000]
CodeHeap 'non-nmethods': size=7488Kb used=2898Kb max_used=2972Kb free=4589Kb
 bounds [0x0000024fedaa0000, 0x0000024fedda0000, 0x0000024fee1f0000]
 total_blobs=6791 nmethods=6280 adapters=419
 compilation: enabled
              stopped_count=0, restarted_count=0
 full_count=0

Compilation events (20 events):
Event: 3.193 Thread 0x0000024fc0463bc0 6986       3       com.sun.tools.javac.comp.Resolve::findIdentInternal (102 bytes)
Event: 3.193 Thread 0x0000024fc04256d0 nmethod 6983 0x0000024fe7380490 code [0x0000024fe73806a0, 0x0000024fe7380ea8]
Event: 3.193 Thread 0x0000024fc0425100 6987       3       com.sun.tools.javac.comp.Resolve::findType (512 bytes)
Event: 3.193 Thread 0x0000024fc058f850 nmethod 6985 0x0000024fe7381290 code [0x0000024fe7381440, 0x0000024fe7381628]
Event: 3.194 Thread 0x0000024fc0463bc0 nmethod 6986 0x0000024fe7381710 code [0x0000024fe73819a0, 0x0000024fe73825a8]
Event: 3.194 Thread 0x0000024fc058f850 6988       3       com.sun.tools.javac.util.Iterators$2::update (42 bytes)
Event: 3.194 Thread 0x0000024fc0463bc0 6989       3       com.sun.tools.javac.util.Iterators$2::hasNext (13 bytes)
Event: 3.194 Thread 0x0000024fc0463bc0 nmethod 6989 0x0000024fe7382a10 code [0x0000024fe7382ba0, 0x0000024fe7382d18]
Event: 3.194 Thread 0x0000024fc04256d0 6990       3       com.sun.tools.javac.util.Iterators$CompoundIterator::next (35 bytes)
Event: 3.194 Thread 0x0000024fc058f850 nmethod 6988 0x0000024fe7382d90 code [0x0000024fe7382f60, 0x0000024fe7383408]
Event: 3.194 Thread 0x0000024fc058f850 6991       3       com.sun.tools.javac.comp.Annotate::queueScanTreeAndTypeAnnotate (21 bytes)
Event: 3.194 Thread 0x0000024fc0463bc0 6992       3       com.sun.tools.javac.comp.Annotate$$Lambda$335/0x000002500130bdd0::<init> (32 bytes)
Event: 3.194 Thread 0x0000024fc04256d0 nmethod 6990 0x0000024fe7383590 code [0x0000024fe7383760, 0x0000024fe7383ac8]
Event: 3.194 Thread 0x0000024fc04256d0 6993       3       com.sun.tools.javac.comp.AttrContext::<init> (87 bytes)
Event: 3.194 Thread 0x0000024fc0463bc0 nmethod 6992 0x0000024fe7383c10 code [0x0000024fe7383dc0, 0x0000024fe7384118]
Event: 3.194 Thread 0x0000024fc0463bc0 6994       3       com.sun.tools.javac.comp.Resolve::isAccessible (402 bytes)
Event: 3.194 Thread 0x0000024fc04256d0 nmethod 6993 0x0000024fe7384210 code [0x0000024fe73843c0, 0x0000024fe73846f8]
Event: 3.194 Thread 0x0000024fc04256d0 6995       3       com.sun.tools.javac.comp.Check::checkUnique (364 bytes)
Event: 3.195 Thread 0x0000024fc058f850 nmethod 6991 0x0000024fe7384790 code [0x0000024fe73849c0, 0x0000024fe73851c8]
Event: 3.195 Thread 0x0000024fc058f850 6996   !   3       com.sun.tools.javac.comp.MemberEnter::memberEnter (58 bytes)

GC Heap History (6 events):
Event: 1.263 GC heap before
{Heap before GC invocations=0 (full 0):
 garbage-first heap   total 2097152K, used 98304K [0x0000000082000000, 0x0000000800000000)
  region size 16384K, 6 young (98304K), 0 survivors (0K)
 Metaspace       used 15399K, committed 15680K, reserved 1114112K
  class space    used 1849K, committed 1984K, reserved 1048576K
}
Event: 1.267 GC heap after
{Heap after GC invocations=1 (full 0):
 garbage-first heap   total 2097152K, used 8551K [0x0000000082000000, 0x0000000800000000)
  region size 16384K, 1 young (16384K), 1 survivors (16384K)
 Metaspace       used 15399K, committed 15680K, reserved 1114112K
  class space    used 1849K, committed 1984K, reserved 1048576K
}
Event: 1.863 GC heap before
{Heap before GC invocations=1 (full 0):
 garbage-first heap   total 2097152K, used 90471K [0x0000000082000000, 0x0000000800000000)
  region size 16384K, 6 young (98304K), 1 survivors (16384K)
 Metaspace       used 16804K, committed 16960K, reserved 1114112K
  class space    used 1910K, committed 1984K, reserved 1048576K
}
Event: 1.869 GC heap after
{Heap after GC invocations=2 (full 0):
 garbage-first heap   total 2097152K, used 13194K [0x0000000082000000, 0x0000000800000000)
  region size 16384K, 1 young (16384K), 1 survivors (16384K)
 Metaspace       used 16804K, committed 16960K, reserved 1114112K
  class space    used 1910K, committed 1984K, reserved 1048576K
}
Event: 2.495 GC heap before
{Heap before GC invocations=2 (full 0):
 garbage-first heap   total 2097152K, used 78730K [0x0000000082000000, 0x0000000800000000)
  region size 16384K, 6 young (98304K), 1 survivors (16384K)
 Metaspace       used 21282K, committed 21504K, reserved 1114112K
  class space    used 2432K, committed 2560K, reserved 1048576K
}
Event: 2.498 GC heap after
{Heap after GC invocations=3 (full 0):
 garbage-first heap   total 2097152K, used 16293K [0x0000000082000000, 0x0000000800000000)
  region size 16384K, 1 young (16384K), 1 survivors (16384K)
 Metaspace       used 21282K, committed 21504K, reserved 1114112K
  class space    used 2432K, committed 2560K, reserved 1048576K
}

Deoptimization events (20 events):
Event: 3.159 Thread 0x0000024fdeda4880 Uncommon trap: trap_request=0xffffffbe fr.pc=0x0000024fee567268 relative=0x0000000000002608
Event: 3.159 Thread 0x0000024fdeda4880 Uncommon trap: reason=profile_predicate action=maybe_recompile pc=0x0000024fee567268 method=java.util.regex.Pattern.compile()V @ 78 c2
Event: 3.159 Thread 0x0000024fdeda4880 DEOPT PACKING pc=0x0000024fee567268 sp=0x000000ce014fcb00
Event: 3.159 Thread 0x0000024fdeda4880 DEOPT UNPACKING pc=0x0000024fedaf23a3 sp=0x000000ce014fcae0 mode 2
Event: 3.160 Thread 0x0000024fdeda4880 Uncommon trap: trap_request=0xffffffbe fr.pc=0x0000024fee567268 relative=0x0000000000002608
Event: 3.160 Thread 0x0000024fdeda4880 Uncommon trap: reason=profile_predicate action=maybe_recompile pc=0x0000024fee567268 method=java.util.regex.Pattern.compile()V @ 78 c2
Event: 3.160 Thread 0x0000024fdeda4880 DEOPT PACKING pc=0x0000024fee567268 sp=0x000000ce014fcb00
Event: 3.160 Thread 0x0000024fdeda4880 DEOPT UNPACKING pc=0x0000024fedaf23a3 sp=0x000000ce014fcae0 mode 2
Event: 3.160 Thread 0x0000024fdeda4880 Uncommon trap: trap_request=0xffffffbe fr.pc=0x0000024fee567268 relative=0x0000000000002608
Event: 3.160 Thread 0x0000024fdeda4880 Uncommon trap: reason=profile_predicate action=maybe_recompile pc=0x0000024fee567268 method=java.util.regex.Pattern.compile()V @ 78 c2
Event: 3.160 Thread 0x0000024fdeda4880 DEOPT PACKING pc=0x0000024fee567268 sp=0x000000ce014fca20
Event: 3.160 Thread 0x0000024fdeda4880 DEOPT UNPACKING pc=0x0000024fedaf23a3 sp=0x000000ce014fca00 mode 2
Event: 3.160 Thread 0x0000024fdeda4880 Uncommon trap: trap_request=0xffffffbe fr.pc=0x0000024fee567268 relative=0x0000000000002608
Event: 3.160 Thread 0x0000024fdeda4880 Uncommon trap: reason=profile_predicate action=maybe_recompile pc=0x0000024fee567268 method=java.util.regex.Pattern.compile()V @ 78 c2
Event: 3.160 Thread 0x0000024fdeda4880 DEOPT PACKING pc=0x0000024fee567268 sp=0x000000ce014fcb00
Event: 3.160 Thread 0x0000024fdeda4880 DEOPT UNPACKING pc=0x0000024fedaf23a3 sp=0x000000ce014fcae0 mode 2
Event: 3.173 Thread 0x0000024fdeda4880 Uncommon trap: trap_request=0xffffff45 fr.pc=0x0000024fee53dcfc relative=0x0000000000000a3c
Event: 3.173 Thread 0x0000024fdeda4880 Uncommon trap: reason=unstable_if action=reinterpret pc=0x0000024fee53dcfc method=com.sun.tools.javac.util.ArrayUtils.ensureCapacity([BI)[B @ 3 c2
Event: 3.173 Thread 0x0000024fdeda4880 DEOPT PACKING pc=0x0000024fee53dcfc sp=0x000000ce014fcbd0
Event: 3.173 Thread 0x0000024fdeda4880 DEOPT UNPACKING pc=0x0000024fedaf23a3 sp=0x000000ce014fcaf8 mode 2

Classes unloaded (0 events):
No events

Classes redefined (0 events):
No events

Internal exceptions (20 events):
Event: 3.178 Thread 0x0000024fdeda4880 Exception <a 'sun/nio/fs/WindowsException'{0x0000000086b103d8}> (0x0000000086b103d8) 
thrown [s\open\src\hotspot\share\prims\jni.cpp, line 516]
Event: 3.178 Thread 0x0000024fdeda4880 Exception <a 'sun/nio/fs/WindowsException'{0x0000000086b10738}> (0x0000000086b10738) 
thrown [s\open\src\hotspot\share\prims\jni.cpp, line 516]
Event: 3.178 Thread 0x0000024fdeda4880 Exception <a 'sun/nio/fs/WindowsException'{0x0000000086b11c40}> (0x0000000086b11c40) 
thrown [s\open\src\hotspot\share\prims\jni.cpp, line 516]
Event: 3.178 Thread 0x0000024fdeda4880 Exception <a 'sun/nio/fs/WindowsException'{0x0000000086b12360}> (0x0000000086b12360) 
thrown [s\open\src\hotspot\share\prims\jni.cpp, line 516]
Event: 3.190 Thread 0x0000024fdeda4880 Exception <a 'sun/nio/fs/WindowsException'{0x0000000086c46910}> (0x0000000086c46910) 
thrown [s\open\src\hotspot\share\prims\jni.cpp, line 516]
Event: 3.190 Thread 0x0000024fdeda4880 Exception <a 'sun/nio/fs/WindowsException'{0x0000000086c46cd0}> (0x0000000086c46cd0) 
thrown [s\open\src\hotspot\share\prims\jni.cpp, line 516]
Event: 3.190 Thread 0x0000024fdeda4880 Exception <a 'sun/nio/fs/WindowsException'{0x0000000086c49a10}> (0x0000000086c49a10) 
thrown [s\open\src\hotspot\share\prims\jni.cpp, line 516]
Event: 3.190 Thread 0x0000024fdeda4880 Exception <a 'sun/nio/fs/WindowsException'{0x0000000086c49d90}> (0x0000000086c49d90) 
thrown [s\open\src\hotspot\share\prims\jni.cpp, line 516]
Event: 3.190 Thread 0x0000024fdeda4880 Exception <a 'sun/nio/fs/WindowsException'{0x0000000086c4efb0}> (0x0000000086c4efb0) 
thrown [s\open\src\hotspot\share\prims\jni.cpp, line 516]
Event: 3.191 Thread 0x0000024fdeda4880 Exception <a 'sun/nio/fs/WindowsException'{0x0000000086c4f370}> (0x0000000086c4f370) 
thrown [s\open\src\hotspot\share\prims\jni.cpp, line 516]
Event: 3.191 Thread 0x0000024fdeda4880 Exception <a 'sun/nio/fs/WindowsException'{0x0000000086c508d8}> (0x0000000086c508d8) 
thrown [s\open\src\hotspot\share\prims\jni.cpp, line 516]
Event: 3.191 Thread 0x0000024fdeda4880 Exception <a 'sun/nio/fs/WindowsException'{0x0000000086c50d28}> (0x0000000086c50d28) 
thrown [s\open\src\hotspot\share\prims\jni.cpp, line 516]
Event: 3.192 Thread 0x0000024fdeda4880 Exception <a 'sun/nio/fs/WindowsException'{0x0000000086c678b8}> (0x0000000086c678b8) 
thrown [s\open\src\hotspot\share\prims\jni.cpp, line 516]
Event: 3.192 Thread 0x0000024fdeda4880 Exception <a 'sun/nio/fs/WindowsException'{0x0000000086c67c60}> (0x0000000086c67c60) 
thrown [s\open\src\hotspot\share\prims\jni.cpp, line 516]
Event: 3.192 Thread 0x0000024fdeda4880 Exception <a 'sun/nio/fs/WindowsException'{0x0000000086c6e060}> (0x0000000086c6e060) 
thrown [s\open\src\hotspot\share\prims\jni.cpp, line 516]
Event: 3.192 Thread 0x0000024fdeda4880 Exception <a 'sun/nio/fs/WindowsException'{0x0000000086c6e3b8}> (0x0000000086c6e3b8) 
thrown [s\open\src\hotspot\share\prims\jni.cpp, line 516]
Event: 3.192 Thread 0x0000024fdeda4880 Exception <a 'sun/nio/fs/WindowsException'{0x0000000086c7f200}> (0x0000000086c7f200) 
thrown [s\open\src\hotspot\share\prims\jni.cpp, line 516]
Event: 3.192 Thread 0x0000024fdeda4880 Exception <a 'sun/nio/fs/WindowsException'{0x0000000086c7f5a0}> (0x0000000086c7f5a0) 
thrown [s\open\src\hotspot\share\prims\jni.cpp, line 516]
Event: 3.192 Thread 0x0000024fdeda4880 Exception <a 'sun/nio/fs/WindowsException'{0x0000000086c80af0}> (0x0000000086c80af0) 
thrown [s\open\src\hotspot\share\prims\jni.cpp, line 516]
Event: 3.192 Thread 0x0000024fdeda4880 Exception <a 'sun/nio/fs/WindowsException'{0x0000000086c80f10}> (0x0000000086c80f10) 
thrown [s\open\src\hotspot\share\prims\jni.cpp, line 516]

VM Operations (20 events):
Event: 2.703 Executing VM operation: HandshakeAllThreads
Event: 2.703 Executing VM operation: HandshakeAllThreads done
Event: 2.707 Executing VM operation: HandshakeAllThreads
Event: 2.707 Executing VM operation: HandshakeAllThreads done
Event: 2.739 Executing VM operation: HandshakeAllThreads
Event: 2.739 Executing VM operation: HandshakeAllThreads done
Event: 2.926 Executing VM operation: ICBufferFull
Event: 2.926 Executing VM operation: ICBufferFull done
Event: 3.013 Executing VM operation: HandshakeAllThreads
Event: 3.014 Executing VM operation: HandshakeAllThreads done
Event: 3.014 Executing VM operation: HandshakeAllThreads
Event: 3.014 Executing VM operation: HandshakeAllThreads done
Event: 3.062 Executing VM operation: HandshakeAllThreads
Event: 3.062 Executing VM operation: HandshakeAllThreads done
Event: 3.115 Executing VM operation: ICBufferFull
Event: 3.116 Executing VM operation: ICBufferFull done
Event: 3.182 Executing VM operation: HandshakeAllThreads
Event: 3.182 Executing VM operation: HandshakeAllThreads done
Event: 3.187 Executing VM operation: ICBufferFull
Event: 3.187 Executing VM operation: ICBufferFull done

Events (20 events):
Event: 3.014 loading class sun/nio/fs/BasicFileAttributesHolder done
Event: 3.014 loading class sun/nio/fs/WindowsPath$WindowsPathWithAttributes done
Event: 3.045 loading class java/nio/file/SimpleFileVisitor
Event: 3.045 loading class java/nio/file/SimpleFileVisitor done
Event: 3.045 loading class java/nio/file/FileTreeWalker
Event: 3.045 loading class java/nio/file/FileTreeWalker done
Event: 3.045 loading class java/nio/file/FileTreeWalker$1
Event: 3.045 loading class java/nio/file/FileTreeWalker$1 done
Event: 3.045 loading class java/nio/file/FileTreeWalker$DirectoryNode
Event: 3.045 loading class java/nio/file/FileTreeWalker$DirectoryNode done
Event: 3.045 loading class java/nio/file/FileTreeWalker$Event
Event: 3.045 loading class java/nio/file/FileTreeWalker$Event done
Event: 3.045 loading class java/nio/file/FileTreeWalker$EventType
Event: 3.045 loading class java/nio/file/FileTreeWalker$EventType done
Event: 3.045 loading class java/nio/file/Files$3
Event: 3.045 loading class java/nio/file/Files$3 done
Event: 3.045 loading class java/nio/file/FileVisitResult
Event: 3.045 loading class java/nio/file/FileVisitResult done
Event: 3.061 loading class jdk/internal/jimage/ImageReader$LinkNode
Event: 3.061 loading class jdk/internal/jimage/ImageReader$LinkNode done


Dynamic libraries:
0x00007ff6d3a30000 - 0x00007ff6d3a40000 	C:\Program Files\Java\jdk-17\bin\java.exe
0x00007ffd78ab0000 - 0x00007ffd78ca8000 	C:\Windows\SYSTEM32\ntdll.dll
0x00007ffd76c70000 - 0x00007ffd76d2d000 	C:\Windows\System32\KERNEL32.DLL
0x00007ffd762e0000 - 0x00007ffd765d6000 	C:\Windows\System32\KERNELBASE.dll
0x00007ffd765e0000 - 0x00007ffd766e0000 	C:\Windows\System32\ucrtbase.dll
0x00007ffd3a290000 - 0x00007ffd3a2a9000 	C:\Program Files\Java\jdk-17\bin\jli.dll
0x00007ffd39ed0000 - 0x00007ffd39eeb000 	C:\Program Files\Java\jdk-17\bin\VCRUNTIME140.dll
0x00007ffd78890000 - 0x00007ffd78940000 	C:\Windows\System32\ADVAPI32.dll
0x00007ffd78230000 - 0x00007ffd782ce000 	C:\Windows\System32\msvcrt.dll
0x00007ffd76bd0000 - 0x00007ffd76c70000 	C:\Windows\System32\sechost.dll
0x00007ffd785c0000 - 0x00007ffd786e5000 	C:\Windows\System32\RPCRT4.dll
0x00007ffd76950000 - 0x00007ffd76977000 	C:\Windows\System32\bcrypt.dll
0x00007ffd786f0000 - 0x00007ffd7888e000 	C:\Windows\System32\USER32.dll
0x00007ffd76790000 - 0x00007ffd767b2000 	C:\Windows\System32\win32u.dll
0x00007ffd78590000 - 0x00007ffd785bb000 	C:\Windows\System32\GDI32.dll
0x00007ffd767c0000 - 0x00007ffd768d7000 	C:\Windows\System32\gdi32full.dll
0x00007ffd76160000 - 0x00007ffd761fd000 	C:\Windows\System32\msvcp_win.dll
0x00007ffd75530000 - 0x00007ffd757ca000 	C:\Windows\WinSxS\amd64_microsoft.windows.common-controls_6595b64144ccf1df_6.0.19041.3636_none_60b6a03d71f818d5\COMCTL32.dll
0x00007ffd71900000 - 0x00007ffd7190a000 	C:\Windows\SYSTEM32\VERSION.dll
0x00007ffd772c0000 - 0x00007ffd772f2000 	C:\Windows\System32\IMM32.DLL
0x00007ffd3a3f0000 - 0x00007ffd3a3fc000 	C:\Program Files\Java\jdk-17\bin\vcruntime140_1.dll
0x00007ffd08dd0000 - 0x00007ffd08e5e000 	C:\Program Files\Java\jdk-17\bin\msvcp140.dll
0x00007ffcc0e90000 - 0x00007ffcc1a71000 	C:\Program Files\Java\jdk-17\bin\server\jvm.dll
0x00007ffd77300000 - 0x00007ffd77308000 	C:\Windows\System32\PSAPI.DLL
0x00007ffd6ccf0000 - 0x00007ffd6ccf9000 	C:\Windows\SYSTEM32\WSOCK32.dll
0x00007ffd6ce40000 - 0x00007ffd6ce67000 	C:\Windows\SYSTEM32\WINMM.dll
0x00007ffd78940000 - 0x00007ffd789ab000 	C:\Windows\System32\WS2_32.dll
0x00007ffd74350000 - 0x00007ffd74362000 	C:\Windows\SYSTEM32\kernel.appcore.dll
0x00007ffd3a280000 - 0x00007ffd3a28a000 	C:\Program Files\Java\jdk-17\bin\jimage.dll
0x00007ffd75af0000 - 0x00007ffd75cd4000 	C:\Windows\SYSTEM32\DBGHELP.DLL
0x00007ffd75900000 - 0x00007ffd75934000 	C:\Windows\SYSTEM32\dbgcore.DLL
0x00007ffd76250000 - 0x00007ffd762d2000 	C:\Windows\System32\bcryptPrimitives.dll
0x00007ffd52500000 - 0x00007ffd5250e000 	C:\Program Files\Java\jdk-17\bin\instrument.dll
0x00007ffd39ea0000 - 0x00007ffd39ec5000 	C:\Program Files\Java\jdk-17\bin\java.dll
0x00007ffcea2a0000 - 0x00007ffcea377000 	C:\Program Files\Java\jdk-17\bin\jsvml.dll
0x00007ffd77ac0000 - 0x00007ffd7822b000 	C:\Windows\System32\SHELL32.dll
0x00007ffd72760000 - 0x00007ffd72efe000 	C:\Windows\SYSTEM32\windows.storage.dll
0x00007ffd77670000 - 0x00007ffd779c3000 	C:\Windows\System32\combase.dll
0x00007ffd75490000 - 0x00007ffd754be000 	C:\Windows\SYSTEM32\Wldp.dll
0x00007ffd784c0000 - 0x00007ffd7858d000 	C:\Windows\System32\OLEAUT32.dll
0x00007ffd789c0000 - 0x00007ffd78a6d000 	C:\Windows\System32\SHCORE.dll
0x00007ffd77a60000 - 0x00007ffd77ab5000 	C:\Windows\System32\shlwapi.dll
0x00007ffd76090000 - 0x00007ffd760b5000 	C:\Windows\SYSTEM32\profapi.dll
0x00007ffd15df0000 - 0x00007ffd15e08000 	C:\Program Files\Java\jdk-17\bin\zip.dll
0x00007ffd335d0000 - 0x00007ffd335e9000 	C:\Program Files\Java\jdk-17\bin\net.dll
0x00007ffd696b0000 - 0x00007ffd697ba000 	C:\Windows\SYSTEM32\WINHTTP.dll
0x00007ffd75360000 - 0x00007ffd753ca000 	C:\Windows\system32\mswsock.dll
0x00007ffd24300000 - 0x00007ffd24316000 	C:\Program Files\Java\jdk-17\bin\nio.dll
0x00007ffd524e0000 - 0x00007ffd524fa000 	C:\Program Files\JetBrains\IntelliJ IDEA Community Edition 2023.3.5\bin\breakgen64.dll
0x0000000069ac0000 - 0x0000000069ae4000 	C:\Users\barna\AppData\Local\Temp\jansi-2.4.0-1e10161d7e0b9214-jansi.dll
0x00007ffd474a0000 - 0x00007ffd474b0000 	C:\Program Files\Java\jdk-17\bin\verify.dll

dbghelp: loaded successfully - version: 4.0.5 - missing functions: none
symbol engine: initialized successfully - sym options: 0x614 - pdb path: .;C:\Program Files\Java\jdk-17\bin;C:\Windows\SYSTEM32;C:\Windows\WinSxS\amd64_microsoft.windows.common-controls_6595b64144ccf1df_6.0.19041.3636_none_60b6a03d71f818d5;C:\Program Files\Java\jdk-17\bin\server;C:\Program Files\JetBrains\IntelliJ IDEA Community Edition 2023.3.5\bin;C:\Users\barna\AppData\Local\Temp

VM Arguments:
jvm_args: -Dmaven.multiModuleProjectDirectory=D:\Work\Lightwell\code\lightwell-automation\crucible-web -Djansi.passthrough=true -Dmaven.home=C:\Program Files\JetBrains\IntelliJ IDEA Community Edition 2023.3.5\plugins\maven\lib\maven3 -Dclassworlds.conf=C:\Program Files\JetBrains\IntelliJ IDEA Community Edition 2023.3.5\plugins\maven\lib\maven3\bin\m2.conf -Dmaven.ext.class.path=C:\Program Files\JetBrains\IntelliJ IDEA Community Edition 2023.3.5\plugins\maven\lib\maven-event-listener.jar -javaagent:C:\Program Files\JetBrains\IntelliJ IDEA Community Edition 2023.3.5\lib\idea_rt.jar=60160:C:\Program Files\JetBrains\IntelliJ IDEA Community Edition 2023.3.5\bin -Dfile.encoding=UTF-8 
java_command: org.codehaus.classworlds.Launcher -Didea.version=2023.3.5 install -DskipTests
java_class_path (initial): C:\Program Files\JetBrains\IntelliJ IDEA Community Edition 2023.3.5\plugins\maven\lib\maven3\boot\plexus-classworlds-2.7.0.jar;C:\Program Files\JetBrains\IntelliJ IDEA Community Edition 2023.3.5\plugins\maven\lib\maven3\boot\plexus-classworlds.license
Launcher Type: SUN_STANDARD

[Global flags]
     intx CICompilerCount                          = 12                                        {product} {ergonomic}
     uint ConcGCThreads                            = 3                                         {product} {ergonomic}
     uint G1ConcRefinementThreads                  = 13                                        {product} {ergonomic}
   size_t G1HeapRegionSize                         = 16777216                                  {product} {ergonomic}
    uintx GCDrainStackTargetSize                   = 64                                        {product} {ergonomic}
   size_t InitialHeapSize                          = 2147483648                                {product} {ergonomic}
   size_t MarkStackSize                            = 4194304                                   {product} {ergonomic}
   size_t MaxHeapSize                              = 32178700288                               {product} {ergonomic}
   size_t MaxNewSize                               = 19293798400                               {product} {ergonomic}
   size_t MinHeapDeltaBytes                        = 16777216                                  {product} {ergonomic}
   size_t MinHeapSize                              = 16777216                                  {product} {ergonomic}
    uintx NonNMethodCodeHeapSize                   = 7602480                                {pd product} {ergonomic}
    uintx NonProfiledCodeHeapSize                  = 122027880                              {pd product} {ergonomic}
    uintx ProfiledCodeHeapSize                     = 122027880                              {pd product} {ergonomic}
    uintx ReservedCodeCacheSize                    = 251658240                              {pd product} {ergonomic}
     bool SegmentedCodeCache                       = true                                      {product} {ergonomic}
   size_t SoftMaxHeapSize                          = 32178700288                            {manageable} {ergonomic}
     bool UseCompressedClassPointers               = true                           {product lp64_product} {ergonomic}
     bool UseCompressedOops                        = true                           {product lp64_product} {ergonomic}
     bool UseG1GC                                  = true                                      {product} {ergonomic}
     bool UseLargePagesIndividualAllocation        = false                                  {pd product} {ergonomic}

Logging:
Log output configuration:
 #0: stdout all=warning uptime,level,tags
 #1: stderr all=off uptime,level,tags

Environment Variables:
PATH=C:\Program Files\Common Files\Oracle\Java\javapath;C:\Program Files\NVIDIA GPU Computing Toolkit\CUDA\v12.4\bin;C:\Program Files\NVIDIA GPU Computing Toolkit\CUDA\v12.4\libnvvp;C:\Windows\system32;C:\Windows;C:\Windows\System32\Wbem;C:\Windows\System32\WindowsPowerShell\v1.0\;C:\Windows\System32\OpenSSH\;C:\Program Files\dotnet\;C:\Program Files\NVIDIA Corporation\Nsight Compute 2024.1.0\;C:\Program Files (x86)\NVIDIA Corporation\PhysX\Common;C:\Program Files\NVIDIA Corporation\NVIDIA NvDLISR;C:\Program Files\Git\cmd;C:\Users\barna\AppData\Local\Microsoft\WindowsApps;C:\Users\barna\AppData\Local\Programs\Microsoft VS Code\bin;C:\Program Files\JetBrains\IntelliJ IDEA Community Edition 2023.3.5\bin;
USERNAME=barna
OS=Windows_NT
PROCESSOR_IDENTIFIER=AMD64 Family 25 Model 80 Stepping 0, AuthenticAMD



---------------  S Y S T E M  ---------------

OS:
 Windows 10 , 64 bit Build 19041 (10.0.19041.3636)
OS uptime: 0 days 4:41 hours

CPU: total 16 (initial active 16) (16 cores per cpu, 2 threads per core) family 25 model 80 stepping 0 microcode 0x0, cx8, cmov, fxsr, ht, mmx, 3dnowpref, sse, sse2, sse3, ssse3, sse4a, sse4.1, sse4.2, popcnt, lzcnt, tsc, tscinvbit, avx, avx2, aes, erms, clmul, bmi1, bmi2, adx, sha, fma, vzeroupper, clflush, clflushopt

Memory: 4k page, system-wide physical 130352M (111909M free)
TotalPageFile size 149808M (AvailPageFile size 125349M)
current process WorkingSet (physical memory assigned to process): 290M, peak: 291M
current process commit charge ("private bytes"): 375M, peak: 2323M

vm_info: Java HotSpot(TM) 64-Bit Server VM (17.0.9+11-LTS-201) for windows-amd64 JRE (17.0.9+11-LTS-201), built on Oct 10 2023 23:16:06 by "mach5one" with MS VC++ 17.1 (VS2022)

END.
